#
# There is insufficient memory for the Java Runtime Environment to continue.
# Native memory allocation (mmap) failed to map 394264576 bytes for G1 virtual space
# Possible reasons:
#   The system is out of physical RAM or swap space
#   The process is running with CompressedOops enabled, and the Java Heap may be blocking the growth of the native heap
# Possible solutions:
#   Reduce memory load on the system
#   Increase physical memory or swap space
#   Check if swap backing store is full
#   Decrease Java heap size (-Xmx/-Xms)
#   Decrease number of Java threads
#   Decrease Java thread stack sizes (-Xss)
#   Set larger code cache with -XX:ReservedCodeCacheSize=
#   JVM is running with Zero Based Compressed Oops mode in which the Java heap is
#     placed in the first 32GB address space. The Java Heap base address is the
#     maximum limit for the native heap growth. Please use -XX:HeapBaseMinAddress
#     to set the Java Heap base and to place the Java Heap above 32GB virtual address.
# This output file may be truncated or incomplete.
#
#  Out of Memory Error (os_windows.cpp:3548), pid=35228, tid=47472
#
# JRE version:  (17.0.10+11) (build )
# Java VM: Java HotSpot(TM) 64-Bit Server VM (17.0.10+11-LTS-240, mixed mode, emulated-client, sharing, tiered, compressed oops, compressed class ptrs, g1 gc, windows-amd64)
# No core dump will be written. Minidumps are not enabled by default on client versions of Windows
#

---------------  S U M M A R Y ------------

Command Line: -XX:TieredStopAtLevel=1 com.tds.VMonClick.VMonClick.VMonClickApplication

Host: AMD Ryzen 5 4500U with Radeon Graphics         , 6 cores, 23G,  Windows 11 , 64 bit Build 22621 (10.0.22621.3527)
Time: Wed Jun 12 05:01:27 2024 Hora est. Pacífico, Sudamérica elapsed time: 0.023915 seconds (0d 0h 0m 0s)

---------------  T H R E A D  ---------------

Current thread (0x00000189042d6e40):  JavaThread "Unknown thread" [_thread_in_vm, id=47472, stack(0x0000000100600000,0x0000000100700000)]

Stack: [0x0000000100600000,0x0000000100700000]
Native frames: (J=compiled Java code, j=interpreted, Vv=VM code, C=native code)
V  [jvm.dll+0x677a5a]
V  [jvm.dll+0x7d8b2d]
V  [jvm.dll+0x7da48e]
V  [jvm.dll+0x7daaf3]
V  [jvm.dll+0x2455ff]
V  [jvm.dll+0x6749b9]
V  [jvm.dll+0x669382]
V  [jvm.dll+0x302e96]
V  [jvm.dll+0x30a416]
V  [jvm.dll+0x359cbe]
V  [jvm.dll+0x359eef]
V  [jvm.dll+0x2d9e88]
V  [jvm.dll+0x2dadf4]
V  [jvm.dll+0x7aa551]
V  [jvm.dll+0x367911]
V  [jvm.dll+0x789639]
V  [jvm.dll+0x3eb30f]
V  [jvm.dll+0x3ecd91]
C  [jli.dll+0x5297]
C  [ucrtbase.dll+0x29333]
C  [KERNEL32.DLL+0x1257d]
C  [ntdll.dll+0x5aa48]


---------------  P R O C E S S  ---------------

Threads class SMR info:
_java_thread_list=0x00007fffebf56a18, length=0, elements={
}

Java Threads: ( => current thread )

Other Threads:
  0x000001890435e340 GCTaskThread "GC Thread#0" [stack: 0x0000000100700000,0x0000000100800000] [id=48644]
  0x000001890436ad90 ConcurrentGCThread "G1 Main Marker" [stack: 0x0000000100800000,0x0000000100900000] [id=6560]
  0x000001890436c7b0 ConcurrentGCThread "G1 Conc#0" [stack: 0x0000000100900000,0x0000000100a00000] [id=63276]

[error occurred during error reporting (printing all threads), id 0xc0000005, EXCEPTION_ACCESS_VIOLATION (0xc0000005) at pc=0x00007fffeb78aae7]

VM state: not at safepoint (not fully initialized)

VM Mutex/Monitor currently owned by a thread:  ([mutex/lock_event])
[0x00000189042d2130] Heap_lock - owner thread: 0x00000189042d6e40

Heap address: 0x000000068a000000, size: 5984 MB, Compressed Oops mode: Zero based, Oop shift amount: 3

CDS archive(s) mapped at: [0x0000000000000000-0x0000000000000000-0x0000000000000000), size 0, SharedBaseAddress: 0x0000000800000000, ArchiveRelocationMode: 1.
Narrow klass base: 0x0000000000000000, Narrow klass shift: 0, Narrow klass range: 0x0

GC Precious Log:
<Empty>

Heap:
 garbage-first heap   total 0K, used 0K [0x000000068a000000, 0x0000000800000000)
  region size 4096K, 0 young (0K), 0 survivors (0K)

[error occurred during error reporting (printing heap information), id 0xc0000005, EXCEPTION_ACCESS_VIOLATION (0xc0000005) at pc=0x00007fffebb71249]

GC Heap History (0 events):
No events

Deoptimization events (0 events):
No events

Classes unloaded (0 events):
No events

Classes redefined (0 events):
No events

Internal exceptions (0 events):
No events

VM Operations (0 events):
No events

Events (1 events):
Event: 0.014 Loaded shared library D:\cos4h\java\bin\java.dll


Dynamic libraries:
0x00007ff6c7740000 - 0x00007ff6c7750000 	D:\cos4h\java\bin\java.exe
0x00007ff81f6d0000 - 0x00007ff81f8e7000 	C:\WINDOWS\SYSTEM32\ntdll.dll
0x00007ff81ea70000 - 0x00007ff81eb34000 	C:\WINDOWS\System32\KERNEL32.DLL
0x00007ff81c9f0000 - 0x00007ff81cd97000 	C:\WINDOWS\System32\KERNELBASE.dll
0x00007ff81cda0000 - 0x00007ff81ceb1000 	C:\WINDOWS\System32\ucrtbase.dll
0x00007ff806420000 - 0x00007ff806439000 	D:\cos4h\java\bin\jli.dll
0x00007ff81f000000 - 0x00007ff81f0b2000 	C:\WINDOWS\System32\ADVAPI32.dll
0x00007ff806350000 - 0x00007ff80636b000 	D:\cos4h\java\bin\VCRUNTIME140.dll
0x00007ff81f160000 - 0x00007ff81f207000 	C:\WINDOWS\System32\msvcrt.dll
0x00007ff81d510000 - 0x00007ff81d5b8000 	C:\WINDOWS\System32\sechost.dll
0x00007ff81d0b0000 - 0x00007ff81d0d8000 	C:\WINDOWS\System32\bcrypt.dll
0x00007ff81d6f0000 - 0x00007ff81d805000 	C:\WINDOWS\System32\RPCRT4.dll
0x00007ff81e2c0000 - 0x00007ff81e46e000 	C:\WINDOWS\System32\USER32.dll
0x00007ff81d2b0000 - 0x00007ff81d2d6000 	C:\WINDOWS\System32\win32u.dll
0x00007ff81f130000 - 0x00007ff81f159000 	C:\WINDOWS\System32\GDI32.dll
0x00007ff81d2e0000 - 0x00007ff81d3f9000 	C:\WINDOWS\System32\gdi32full.dll
0x00007ff81d150000 - 0x00007ff81d1ea000 	C:\WINDOWS\System32\msvcp_win.dll
0x00007ff802620000 - 0x00007ff8028b3000 	C:\WINDOWS\WinSxS\amd64_microsoft.windows.common-controls_6595b64144ccf1df_6.0.22621.3527_none_270e469b73872a76\COMCTL32.dll
0x00007ff814a60000 - 0x00007ff814a6a000 	C:\WINDOWS\SYSTEM32\VERSION.dll
0x00007ff81d860000 - 0x00007ff81d891000 	C:\WINDOWS\System32\IMM32.DLL
0x00007ff819460000 - 0x00007ff81946c000 	D:\cos4h\java\bin\vcruntime140_1.dll
0x00007ff801f70000 - 0x00007ff801ffe000 	D:\cos4h\java\bin\msvcp140.dll
0x00007fffeb4a0000 - 0x00007fffec07f000 	D:\cos4h\java\bin\server\jvm.dll
0x00007ff81e200000 - 0x00007ff81e208000 	C:\WINDOWS\System32\PSAPI.DLL
0x00007ff814a20000 - 0x00007ff814a54000 	C:\WINDOWS\SYSTEM32\WINMM.dll
0x00007ff8123b0000 - 0x00007ff8123b9000 	C:\WINDOWS\SYSTEM32\WSOCK32.dll
0x00007ff81ef80000 - 0x00007ff81eff1000 	C:\WINDOWS\System32\WS2_32.dll
0x00007ff81b9f0000 - 0x00007ff81ba08000 	C:\WINDOWS\SYSTEM32\kernel.appcore.dll
0x00007ff80fa00000 - 0x00007ff80fa0a000 	D:\cos4h\java\bin\jimage.dll
0x00007ff810860000 - 0x00007ff810a92000 	C:\WINDOWS\SYSTEM32\DBGHELP.DLL
0x00007ff81e600000 - 0x00007ff81e988000 	C:\WINDOWS\System32\combase.dll
0x00007ff81e990000 - 0x00007ff81ea67000 	C:\WINDOWS\System32\OLEAUT32.dll
0x00007ff802260000 - 0x00007ff802292000 	C:\WINDOWS\SYSTEM32\dbgcore.DLL
0x00007ff81d030000 - 0x00007ff81d0a9000 	C:\WINDOWS\System32\bcryptPrimitives.dll
0x00007ff806320000 - 0x00007ff806345000 	D:\cos4h\java\bin\java.dll

dbghelp: loaded successfully - version: 4.0.5 - missing functions: none
symbol engine: initialized successfully - sym options: 0x614 - pdb path: .;D:\cos4h\java\bin;C:\WINDOWS\SYSTEM32;C:\WINDOWS\WinSxS\amd64_microsoft.windows.common-controls_6595b64144ccf1df_6.0.22621.3527_none_270e469b73872a76;D:\cos4h\java\bin\server

VM Arguments:
jvm_args: -XX:TieredStopAtLevel=1 
java_command: com.tds.VMonClick.VMonClick.VMonClickApplication
java_class_path (initial): D:\cos4h\poli\semester4\db2\VMonClick\target\classes;C:\Users\olvad\.m2\repository\ch\qos\logback\logback-classic\1.4.14\logback-classic-1.4.14.jar;C:\Users\olvad\.m2\repository\ch\qos\logback\logback-core\1.4.14\logback-core-1.4.14.jar;C:\Users\olvad\.m2\repository\org\apache\logging\log4j\log4j-to-slf4j\2.21.1\log4j-to-slf4j-2.21.1.jar;C:\Users\olvad\.m2\repository\org\apache\logging\log4j\log4j-api\2.21.1\log4j-api-2.21.1.jar;C:\Users\olvad\.m2\repository\org\slf4j\jul-to-slf4j\2.0.13\jul-to-slf4j-2.0.13.jar;C:\Users\olvad\.m2\repository\jakarta\annotation\jakarta.annotation-api\2.1.1\jakarta.annotation-api-2.1.1.jar;C:\Users\olvad\.m2\repository\org\yaml\snakeyaml\2.2\snakeyaml-2.2.jar;C:\Users\olvad\.m2\repository\org\springframework\spring-tx\6.1.6\spring-tx-6.1.6.jar;C:\Users\olvad\.m2\repository\org\springframework\spring-beans\6.1.6\spring-beans-6.1.6.jar;C:\Users\olvad\.m2\repository\org\springframework\data\spring-data-cassandra\4.2.5\spring-data-cassandra-4.2.5.jar;C:\Users\olvad\.m2\repository\org\springframework\spring-context\6.1.6\spring-context-6.1.6.jar;C:\Users\olvad\.m2\repository\org\springframework\spring-expression\6.1.6\spring-expression-6.1.6.jar;C:\Users\olvad\.m2\repository\org\springframework\data\spring-data-commons\3.2.5\spring-data-commons-3.2.5.jar;C:\Users\olvad\.m2\repository\com\datastax\oss\java-driver-core\4.17.0\java-driver-core-4.17.0.jar;C:\Users\olvad\.m2\repository\com\datastax\oss\native-protocol\1.5.1\native-protocol-1.5.1.jar;C:\Users\olvad\.m2\repository\io\netty\netty-handler\4.1.109.Final\netty-handler-4.1.109.Final.jar;C:\Users\olvad\.m2\repository\io\netty\netty-common\4.1.109.Final\netty-common-4.1.109.Final.jar;C:\Users\olvad\.m2\repository\io\netty\netty-resolver\4.1.109.Final\netty-resolver-4.1.109.Final.jar;C:\Users\olvad\.m2\repository\io\netty\netty-buffer\4.1.109.Final\netty-buffer-4.1.109.Final.jar;C:\Users\olvad\.m2\repository\io\netty\netty-transport\4.1.109.Final\netty-transpo
Launcher Type: SUN_STANDARD

[Global flags]
     intx CICompilerCount                          = 3                                         {product} {ergonomic}
     uint ConcGCThreads                            = 2                                         {product} {ergonomic}
     uint G1ConcRefinementThreads                  = 6                                         {product} {ergonomic}
   size_t G1HeapRegionSize                         = 4194304                                   {product} {ergonomic}
    uintx GCDrainStackTargetSize                   = 64                                        {product} {ergonomic}
   size_t InitialHeapSize                          = 394264576                                 {product} {ergonomic}
   size_t MarkStackSize                            = 4194304                                   {product} {ergonomic}
   size_t MaxHeapSize                              = 6274678784                                {product} {ergonomic}
   size_t MinHeapDeltaBytes                        = 4194304                                   {product} {ergonomic}
   size_t MinHeapSize                              = 8388608                                   {product} {ergonomic}
    uintx NonProfiledCodeHeapSize                  = 0                                      {pd product} {ergonomic}
     bool ProfileInterpreter                       = false                                  {pd product} {command line}
    uintx ProfiledCodeHeapSize                     = 0                                      {pd product} {ergonomic}
   size_t SoftMaxHeapSize                          = 6274678784                             {manageable} {ergonomic}
     intx TieredStopAtLevel                        = 1                                         {product} {command line}
     bool UseCompressedClassPointers               = true                           {product lp64_product} {ergonomic}
     bool UseCompressedOops                        = true                           {product lp64_product} {ergonomic}
     bool UseG1GC                                  = true                                      {product} {ergonomic}
     bool UseLargePagesIndividualAllocation        = false                                  {pd product} {ergonomic}

Logging:
Log output configuration:
 #0: stdout all=warning uptime,level,tags
 #1: stderr all=off uptime,level,tags

Environment Variables:
JAVA_HOME=D:/cos4h/java
PATH=C:\Users\olvad\bin;D:\OLVADIS\GIT\mingw64\bin;D:\OLVADIS\GIT\usr\local\bin;D:\OLVADIS\GIT\usr\bin;D:\OLVADIS\GIT\usr\bin;D:\OLVADIS\GIT\mingw64\bin;D:\OLVADIS\GIT\usr\bin;C:\Users\olvad\bin;D:\cos4h\vmware\bin;D:\cos4h\python\Scripts;D:\cos4h\python;C:\Program Files\Common Files\Oracle\Java\javapath;C:\WINDOWS\system32;C:\WINDOWS;C:\WINDOWS\System32\Wbem;C:\WINDOWS\System32\WindowsPowerShell\v1.0;C:\WINDOWS\System32\OpenSSH;?%D;D:\OLVADIS\GIT\POLI\MSYS2\mingw64\bin\gcc.exe;D:\POLI\Git\cmd;D:\POLI\nvm;C:\Program Files\nodejs;C:\ProgramData\chocolatey\bin;C:\ProgramData\chocolatey\lib\maven\apache-maven-3.9.2\bin;D:\POLI\intellij\IntelliJ IDEA 2023.2\bin;C:\Users\olvad\AppData\Roaming\npm;C:\Users\olvad\OneDrive\Documentos\Escritorio\apache-maven-3.9.4-bin\apache-maven-3.9.4\bin;C:\Program Files\WindowsApps\Microsoft.DesktopAppInstaller_1.21.2771.0_x64__8wekyb3d8bbwe;D:\OLVADIS\GIT\cmd;D:\OLVADIS\NODE;C:\Program Files\HP\HP One Agent;D:\cos4h\conda\libs;D:\cos4h\conda\condabin;D:\cos4h\kt\kotlinc\bin;C:\Program Files\Docker\Docker\resources\bin;D:\cos4h\go\bin;C:\Users\olvad\scoop\shims;D:\POLI\Microsoft VS Code\bin;C:\Users\olvad\AppData\Local\Programs\oh-my-posh\bin;C:\Users\olvad\AppData\Local\Microsoft\WindowsApps;D:\OLVADIS\IDES\INTELLIJ_IDEA\IntelliJ IDEA 2023.2\bin;D:\OLVADIS\vsCode\bin;D:\OLVADIS\GIT\Oh-my-posh\bin;C:\Users\olvad\AppData\Roaming\npm;D:\cos4h\kubectl;D:\cos4h\apache-maven-3.9.6\bin;D:\cos4h\conda\condabin;C:\Users\olvad\AppData\Local\Packages\PythonSoftwareFoundation.Python.3.11_qbz5n2kfra8p0\LocalCache\local-packages\Python311\Scripts;D:\cos4h\kt\kotlinc\bin;C:\Users\olvad\AppData\Local\Android\Sdk\platform-tools;C:\msys64\ucrt64\bin;D:\cos4h\sdkGo\bin;C:\Users\olvad\.cargo\bin;D:\cos4h\myms2\ucrt64\bin;C:\Program Files\Oracle\VirtualBox;D:\cos4h\nmap;D:\OLVADIS\GIT\usr\bin\vendor_perl;D:\OLVADIS\GIT\usr\bin\core_perl
USERNAME=Jhean carlos
SHELL=D:\OLVADIS\GIT\usr\bin\bash.exe
DISPLAY=needs-to-be-defined
LANG=es_MX.UTF-8
OS=Windows_NT
PROCESSOR_IDENTIFIER=AMD64 Family 23 Model 96 Stepping 1, AuthenticAMD



---------------  S Y S T E M  ---------------

OS:
 Windows 11 , 64 bit Build 22621 (10.0.22621.3527)
OS uptime: 2 days 9:20 hours
Hyper-V role detected

CPU: total 6 (initial active 6) (6 cores per cpu, 1 threads per core) family 23 model 96 stepping 1 microcode 0x0, cx8, cmov, fxsr, mmx, 3dnowpref, sse, sse2, sse3, ssse3, sse4a, sse4.1, sse4.2, popcnt, lzcnt, tsc, tscinvbit, avx, avx2, aes, clmul, bmi1, bmi2, adx, sha, fma, vzeroupper, clflush, clflushopt, hv

Memory: 4k page, system-wide physical 23925M (1291M free)
TotalPageFile size 42414M (AvailPageFile size 188M)
current process WorkingSet (physical memory assigned to process): 11M, peak: 11M
current process commit charge ("private bytes"): 51M, peak: 427M

vm_info: Java HotSpot(TM) 64-Bit Server VM (17.0.10+11-LTS-240) for windows-amd64 JRE (17.0.10+11-LTS-240), built on Dec 19 2023 21:47:25 by "mach5one" with MS VC++ 17.1 (VS2022)

END.
